(---------------------------------------------------------------------)
(                                                                     )
(    Allegro Netrev Import Logic                                      )
(                                                                     )
(    Drawing          : Shield.brd                                    )
(    Software Version : 17.2S052                                      )
(    Date/Time        : Fri Jan 24 17:27:22 2020                      )
(                                                                     )
(---------------------------------------------------------------------)


------ Directives ------------

Ripup etch:                  No
Ripup delete first segment:  No
Ripup retain bondwire:       No
Ripup symbols:               Always
Missing symbol has error:    No
DRC update:                  Yes
Schematic directory:         'P:\S7\PROJET\PCB_SHIELD\PROJET S7\allegro'
Design Directory:            'P:/S7/projet/PCB_SHIELD/PCB'
Old design name:             'P:/S7/projet/PCB_SHIELD/PCB/Shield.brd'
New design name:             'P:/S7/projet/PCB_SHIELD/PCB/Shield_2.brd'

CmdLine: netrev.exe -y 1 -i P:\S7\PROJET\PCB_SHIELD\PROJET S7\allegro P:\S7\projet\PCB_SHIELD\PCB\Shield.brd P:\S7\projet\PCB_SHIELD\PCB\Shield_2.brd

------ Preparing to read pst files ------

Starting to read P:/S7/PROJET/PCB_SHIELD/PROJET S7/allegro/pstchip.dat 
   Finished reading P:/S7/PROJET/PCB_SHIELD/PROJET S7/allegro/pstchip.dat (00:00:00.03)
Starting to read P:/S7/PROJET/PCB_SHIELD/PROJET S7/allegro/pstxprt.dat 
   Finished reading P:/S7/PROJET/PCB_SHIELD/PROJET S7/allegro/pstxprt.dat (00:00:00.00)
Starting to read P:/S7/PROJET/PCB_SHIELD/PROJET S7/allegro/pstxnet.dat 
   Finished reading P:/S7/PROJET/PCB_SHIELD/PROJET S7/allegro/pstxnet.dat (00:00:00.00)

------ Oversights/Warnings/Errors ------


------ Library Paths ------
MODULEPATH =  . 
           c:/cadence/spb_17.2/share/local/pcb/modules 

PSMPATH =  . 
           symbols 
           .. 
           ../symbols 
           c:/cadence/spb_17.2/share/local/pcb/symbols 
           c:/cadence/spb_17.2/share/pcb/pcb_lib/symbols 
           c:/cadence/spb_17.2/share/pcb/allegrolib/symbols 

PADPATH =  . 
           symbols 
           .. 
           ../symbols 
           c:/cadence/spb_17.2/share/local/pcb/padstacks 
           c:/cadence/spb_17.2/share/pcb/pcb_lib/symbols 
           c:/cadence/spb_17.2/share/pcb/allegrolib/symbols 


------ Summary Statistics ------


netrev run on Jan 24 17:27:22 2020
   DESIGN NAME : 'COMPOSANTS'
   PACKAGING ON Feb 18 2019 18:33:40

   COMPILE 'logic'
   CHECK_PIN_NAMES OFF
   CROSS_REFERENCE OFF
   FEEDBACK OFF
   INCREMENTAL OFF
   INTERFACE_TYPE PHYSICAL
   MAX_ERRORS 500
   MERGE_MINIMUM 5
   NET_NAME_CHARS '#%&()*+-./:=>?@[]^_`|'
   NET_NAME_LENGTH 24
   OVERSIGHTS ON
   REPLACE_CHECK OFF
   SINGLE_NODE_NETS ON
   SPLIT_MINIMUM 0
   SUPPRESS   20
   WARNINGS ON

 No error detected
 No oversight detected
 No warning detected

cpu time      0:02:53
elapsed time  0:00:02

